<?xml version="1.0" encoding="UTF-8" ?>
<testsuite tests="4" failures="0" name="be.david.fatchocobo.FractionTest" time="0" errors="0" skipped="0">
  <properties>
[...]
</properties>
  <testcase classname="be.david.fatchocobo.FractionTest" name="checkIfSimplyReturnsSameValue" time="0"/>
  <testcase classname="be.david.fatchocobo.FractionTest" name="checkSumOfTwoFractionsResult" time="0"/>
  <testcase classname="be.david.fatchocobo.FractionTest" name="checkIfStringIsGeneratedCorrectly" time="0"/>
  <testcase classname="be.david.fatchocobo.FractionTest" name="checkIfSimplyReturnsCorrectValue" time="0"/>
</testsuite>